c:\users\brandon_radosevich\desktop\modules\native\invoke_bof\windows\obj\x64\debug\vc143.pdb
c:\users\brandon_radosevich\desktop\modules\native\invoke_bof\windows\obj\x64\debug\vc143.idb
c:\users\brandon_radosevich\desktop\modules\native\invoke_bof\windows\obj\x64\debug\nxjson.obj
c:\users\brandon_radosevich\desktop\modules\native\invoke_bof\windows\obj\x64\debug\invoke_bof.obj
c:\users\brandon_radosevich\desktop\modules\native\invoke_bof\windows\obj\x64\debug\coffloader.obj
c:\users\brandon_radosevich\desktop\modules\native\invoke_bof\windows\obj\x64\debug\beacon_compatibility.obj
c:\users\brandon_radosevich\desktop\modules\native\invoke_bof\windows\obj\x64\debug\asprintf.obj
c:\users\brandon_radosevich\desktop\modules\native\invoke_bof\windows\bin\x64\debug\staging\invoke_bof.lib
c:\users\brandon_radosevich\desktop\modules\native\invoke_bof\windows\bin\x64\debug\staging\invoke_bof.exp
c:\users\brandon_radosevich\desktop\modules\native\invoke_bof\windows\bin\x64\debug\staging\invoke_bof.pdb
c:\users\brandon_radosevich\desktop\modules\native\invoke_bof\windows\obj\x64\debug\invoke_bof.vcxproj.filelistabsolute.txt
c:\users\brandon_radosevich\desktop\modules\native\invoke_bof\windows\obj\x64\debug\invoke_bof.tlog\cl.command.1.tlog
c:\users\brandon_radosevich\desktop\modules\native\invoke_bof\windows\obj\x64\debug\invoke_bof.tlog\cl.read.1.tlog
c:\users\brandon_radosevich\desktop\modules\native\invoke_bof\windows\obj\x64\debug\invoke_bof.tlog\cl.write.1.tlog
c:\users\brandon_radosevich\desktop\modules\native\invoke_bof\windows\obj\x64\debug\invoke_bof.tlog\invoke_bof.write.1u.tlog
c:\users\brandon_radosevich\desktop\modules\native\invoke_bof\windows\obj\x64\debug\invoke_bof.tlog\link-cvtres.read.1.tlog
c:\users\brandon_radosevich\desktop\modules\native\invoke_bof\windows\obj\x64\debug\invoke_bof.tlog\link-cvtres.write.1.tlog
c:\users\brandon_radosevich\desktop\modules\native\invoke_bof\windows\obj\x64\debug\invoke_bof.tlog\link-rc.read.1.tlog
c:\users\brandon_radosevich\desktop\modules\native\invoke_bof\windows\obj\x64\debug\invoke_bof.tlog\link-rc.write.1.tlog
c:\users\brandon_radosevich\desktop\modules\native\invoke_bof\windows\obj\x64\debug\invoke_bof.tlog\link.5660-cvtres.read.1.tlog
c:\users\brandon_radosevich\desktop\modules\native\invoke_bof\windows\obj\x64\debug\invoke_bof.tlog\link.5660-cvtres.write.1.tlog
c:\users\brandon_radosevich\desktop\modules\native\invoke_bof\windows\obj\x64\debug\invoke_bof.tlog\link.5660-rc.read.1.tlog
c:\users\brandon_radosevich\desktop\modules\native\invoke_bof\windows\obj\x64\debug\invoke_bof.tlog\link.5660-rc.write.1.tlog
c:\users\brandon_radosevich\desktop\modules\native\invoke_bof\windows\obj\x64\debug\invoke_bof.tlog\link.5660.read.1.tlog
c:\users\brandon_radosevich\desktop\modules\native\invoke_bof\windows\obj\x64\debug\invoke_bof.tlog\link.5660.read.2.tlog
c:\users\brandon_radosevich\desktop\modules\native\invoke_bof\windows\obj\x64\debug\invoke_bof.tlog\link.5660.write.1.tlog
c:\users\brandon_radosevich\desktop\modules\native\invoke_bof\windows\obj\x64\debug\invoke_bof.tlog\link.command.1.tlog
c:\users\brandon_radosevich\desktop\modules\native\invoke_bof\windows\obj\x64\debug\invoke_bof.tlog\link.read.1.tlog
c:\users\brandon_radosevich\desktop\modules\native\invoke_bof\windows\obj\x64\debug\invoke_bof.tlog\link.read.2.tlog
c:\users\brandon_radosevich\desktop\modules\native\invoke_bof\windows\obj\x64\debug\invoke_bof.tlog\link.write.1.tlog
